{
  "stats": {
    "suites": 1,
    "tests": 1,
    "passes": 1,
    "pending": 0,
    "failures": 0,
    "start": "2022-11-19T11:19:49.123Z",
    "end": "2022-11-19T11:20:31.822Z",
    "duration": 42699,
    "testsRegistered": 1,
    "passPercent": 100,
    "pendingPercent": 0,
    "other": 0,
    "hasOther": false,
    "skipped": 0,
    "hasSkipped": false
  },
  "results": [
    {
      "uuid": "2fb7b16d-0d67-410f-af99-11265712a399",
      "title": "",
      "fullFile": "C:\\Users\\PETER\\Documents\\GitHub\\Rapchieuphim-Selenium-JS\\PhamNgocAn\\rapchieuphim.comment.spec.js",
      "file": "\\PhamNgocAn\\rapchieuphim.comment.spec.js",
      "beforeHooks": [],
      "afterHooks": [],
      "tests": [],
      "suites": [
        {
          "uuid": "3f49d3d1-5c13-4103-9a9c-7f64051b4f2f",
          "title": "Kiểm tra trường nội dung bình luận",
          "fullFile": "C:\\Users\\PETER\\Documents\\GitHub\\Rapchieuphim-Selenium-JS\\PhamNgocAn\\rapchieuphim.comment.spec.js",
          "file": "\\PhamNgocAn\\rapchieuphim.comment.spec.js",
          "beforeHooks": [
            {
              "title": "\"before all\" hook in \"Kiểm tra trường nội dung bình luận\"",
              "fullTitle": "Kiểm tra trường nội dung bình luận \"before all\" hook in \"Kiểm tra trường nội dung bình luận\"",
              "timedOut": null,
              "duration": 5226,
              "state": null,
              "speed": null,
              "pass": false,
              "fail": false,
              "pending": null,
              "context": null,
              "code": "driver = await new Builder().forBrowser('MicrosoftEdge').build();",
              "err": {},
              "uuid": "7b8f4f28-9388-4c28-ac90-b6ec10c63ec4",
              "parentUUID": null,
              "isHook": true,
              "skipped": false
            }
          ],
          "afterHooks": [
            {
              "title": "\"after all\" hook in \"Kiểm tra trường nội dung bình luận\"",
              "fullTitle": "Kiểm tra trường nội dung bình luận \"after all\" hook in \"Kiểm tra trường nội dung bình luận\"",
              "timedOut": null,
              "duration": 617,
              "state": null,
              "speed": null,
              "pass": false,
              "fail": false,
              "pending": null,
              "context": null,
              "code": "await driver.quit()",
              "err": {},
              "uuid": "5bdb70cd-8621-46f5-b253-2fdda913fe27",
              "parentUUID": null,
              "isHook": true,
              "skipped": false
            }
          ],
          "tests": [
            {
              "title": "T12 Bình luận - Nội dung bình luận không được để trống",
              "fullTitle": "Kiểm tra trường nội dung bình luận T12 Bình luận - Nội dung bình luận không được để trống",
              "timedOut": null,
              "duration": 34919,
              "state": "passed",
              "speed": "slow",
              "pass": true,
              "fail": false,
              "pending": false,
              "context": null,
              "code": "fieldMessage(\"\", \"Nội dung bình luận xin đừng để trống\")",
              "err": {},
              "uuid": "bc35b10d-5599-4077-892b-f2a632fd5920",
              "parentUUID": null,
              "isHook": false,
              "skipped": false
            }
          ],
          "suites": [],
          "passes": [
            "bc35b10d-5599-4077-892b-f2a632fd5920"
          ],
          "failures": [],
          "pending": [],
          "skipped": [],
          "duration": 34919,
          "root": false,
          "rootEmpty": false,
          "_timeout": null
        }
      ],
      "passes": [],
      "failures": [],
      "pending": [],
      "skipped": [],
      "duration": 0,
      "root": true,
      "rootEmpty": true,
      "_timeout": 0
    }
  ],
  "meta": {
    "mocha": {
      "version": "10.1.0"
    },
    "mochawesome": {
      "options": {
        "quiet": false,
        "reportFilename": "mochawesome",
        "saveHtml": true,
        "saveJson": true,
        "consoleReporter": "spec",
        "useInlineDiffs": false,
        "code": true
      },
      "version": "7.1.3"
    },
    "marge": {
      "options": null,
      "version": "6.2.0"
    }
  }
}