{
  "stats": {
    "suites": 1,
    "tests": 1,
    "passes": 0,
    "pending": 0,
    "failures": 1,
    "start": "2022-11-19T14:44:17.843Z",
    "end": "2022-11-19T14:44:54.162Z",
    "duration": 36319,
    "testsRegistered": 1,
    "passPercent": 0,
    "pendingPercent": 0,
    "other": 0,
    "hasOther": false,
    "skipped": 0,
    "hasSkipped": false
  },
  "results": [
    {
      "uuid": "126b8e4a-e43e-4d16-936a-f0fb51be54e9",
      "title": "",
      "fullFile": "D:\\Rapchieuphim-Selenium-JS\\HoangQuocNam\\rapchieuphim.search.spec.js",
      "file": "\\HoangQuocNam\\rapchieuphim.search.spec.js",
      "beforeHooks": [],
      "afterHooks": [],
      "tests": [],
      "suites": [
        {
          "uuid": "319b06f7-6aae-4a7b-963e-31730488c26e",
          "title": "Kiểm tra search",
          "fullFile": "D:\\Rapchieuphim-Selenium-JS\\HoangQuocNam\\rapchieuphim.search.spec.js",
          "file": "\\HoangQuocNam\\rapchieuphim.search.spec.js",
          "beforeHooks": [
            {
              "title": "\"before all\" hook in \"Kiểm tra search\"",
              "fullTitle": "Kiểm tra search \"before all\" hook in \"Kiểm tra search\"",
              "timedOut": null,
              "duration": 3804,
              "state": null,
              "speed": null,
              "pass": false,
              "fail": false,
              "pending": null,
              "context": null,
              "code": "driver = await new Builder().forBrowser('MicrosoftEdge').build();",
              "err": {},
              "uuid": "57ef57a8-8aa0-450a-aa71-7240573d054e",
              "parentUUID": null,
              "isHook": true,
              "skipped": false
            }
          ],
          "afterHooks": [
            {
              "title": "\"after all\" hook in \"Kiểm tra search\"",
              "fullTitle": "Kiểm tra search \"after all\" hook in \"Kiểm tra search\"",
              "timedOut": null,
              "duration": 1243,
              "state": null,
              "speed": null,
              "pass": false,
              "fail": false,
              "pending": null,
              "context": null,
              "code": "await driver.quit()",
              "err": {},
              "uuid": "964c6b0e-3024-4997-918b-68ac826c0736",
              "parentUUID": null,
              "isHook": true,
              "skipped": false
            }
          ],
          "tests": [
            {
              "title": "Không tìm kiếm ký tự đặc biệt",
              "fullTitle": "Kiểm tra search Không tìm kiếm ký tự đặc biệt",
              "timedOut": null,
              "duration": 27174,
              "state": "failed",
              "speed": null,
              "pass": false,
              "fail": true,
              "pending": false,
              "context": null,
              "code": "fieldSearch(\"ln!mik\", \"Không tìm được kết quả\")",
              "err": {
                "message": "AssertionError: expected 'Tìm kiếm phim, tin tức, nghệ sỹ' to equal 'Không tìm được kết quả'",
                "estack": "AssertionError: expected 'Tìm kiếm phim, tin tức, nghệ sỹ' to equal 'Không tìm được kết quả'\n    at fieldSearch (HoangQuocNam\\rapchieuphim.search.spec.js:19:15)\n    at processTicksAndRejections (node:internal/process/task_queues:96:5)",
                "diff": "- Tìm kiếm phim, tin tức, nghệ sỹ\n+ Không tìm được kết quả\n"
              },
              "uuid": "e9a4596b-3a40-4694-beb2-b35c67cf47e9",
              "parentUUID": null,
              "isHook": false,
              "skipped": false
            }
          ],
          "suites": [],
          "passes": [],
          "failures": [
            "e9a4596b-3a40-4694-beb2-b35c67cf47e9"
          ],
          "pending": [],
          "skipped": [],
          "duration": 27174,
          "root": false,
          "rootEmpty": false,
          "_timeout": null
        }
      ],
      "passes": [],
      "failures": [],
      "pending": [],
      "skipped": [],
      "duration": 0,
      "root": true,
      "rootEmpty": true,
      "_timeout": 0
    }
  ],
  "meta": {
    "mocha": {
      "version": "10.1.0"
    },
    "mochawesome": {
      "options": {
        "quiet": false,
        "reportFilename": "mochawesome",
        "saveHtml": true,
        "saveJson": true,
        "consoleReporter": "spec",
        "useInlineDiffs": false,
        "code": true
      },
      "version": "7.1.3"
    },
    "marge": {
      "options": null,
      "version": "6.2.0"
    }
  }
}